0 info it worked if it ends with ok
1 verbose cli [ '/Users/josephyoo/.nodenv/versions/6.9.5/bin/node',
1 verbose cli   '/Users/josephyoo/.nodenv/versions/6.9.5/bin/npm',
1 verbose cli   'run',
1 verbose cli   'dev-c' ]
2 info using npm@3.10.10
3 info using node@v6.9.5
4 verbose stack Error: missing script: dev-c
4 verbose stack     at run (/Users/josephyoo/.nodenv/versions/6.9.5/lib/node_modules/npm/lib/run-script.js:151:19)
4 verbose stack     at /Users/josephyoo/.nodenv/versions/6.9.5/lib/node_modules/npm/lib/run-script.js:61:5
4 verbose stack     at /Users/josephyoo/.nodenv/versions/6.9.5/lib/node_modules/npm/node_modules/read-package-json/read-json.js:356:5
4 verbose stack     at checkBinReferences_ (/Users/josephyoo/.nodenv/versions/6.9.5/lib/node_modules/npm/node_modules/read-package-json/read-json.js:320:45)
4 verbose stack     at final (/Users/josephyoo/.nodenv/versions/6.9.5/lib/node_modules/npm/node_modules/read-package-json/read-json.js:354:3)
4 verbose stack     at then (/Users/josephyoo/.nodenv/versions/6.9.5/lib/node_modules/npm/node_modules/read-package-json/read-json.js:124:5)
4 verbose stack     at /Users/josephyoo/.nodenv/versions/6.9.5/lib/node_modules/npm/node_modules/read-package-json/read-json.js:311:12
4 verbose stack     at /Users/josephyoo/.nodenv/versions/6.9.5/lib/node_modules/npm/node_modules/graceful-fs/graceful-fs.js:78:16
4 verbose stack     at tryToString (fs.js:455:3)
4 verbose stack     at FSReqWrap.readFileAfterClose [as oncomplete] (fs.js:442:12)
5 verbose cwd /Users/josephyoo/Courses/CSCI1320/realtime/cs132_chatroom-realtime
6 error Darwin 16.5.0
7 error argv "/Users/josephyoo/.nodenv/versions/6.9.5/bin/node" "/Users/josephyoo/.nodenv/versions/6.9.5/bin/npm" "run" "dev-c"
8 error node v6.9.5
9 error npm  v3.10.10
10 error missing script: dev-c
11 error If you need help, you may report this error at:
11 error     <https://github.com/npm/npm/issues>
12 verbose exit [ 1, true ]
